<?xml version="1.0" encoding="UTF-8"?>
<!-- Generated by org.testng.reporters.JUnitReportReporter -->
<testsuite hostname="Asplap1075" failures="0" tests="1" name="LearnSelniumTest.ExternReport1.externReporttClass" time="19.079" errors="0" timestamp="20 May 2024 06:16:24 GMT" skipped="0">
  <testcase classname="LearnSelniumTest.ExternReport1.externReporttClass" name="externreport" time="19.079"/>
</testsuite> <!-- LearnSelniumTest.ExternReport1.externReporttClass -->
